0 info it worked if it ends with ok
1 verbose cli [ '/usr/local/bin/node', '/usr/local/bin/npm', 'publish' ]
2 info using npm@3.3.5
3 info using node@v4.1.1
4 verbose publish [ '.' ]
5 silly cache add args [ '.', null ]
6 verbose cache add spec .
7 silly cache add parsed spec Result {
7 silly cache add   raw: '.',
7 silly cache add   scope: null,
7 silly cache add   name: null,
7 silly cache add   rawSpec: '.',
7 silly cache add   spec: '/Users/ariel/git/mini-file',
7 silly cache add   type: 'directory' }
8 verbose addLocalDirectory /Users/ariel/.npm/mini-file/0.0.13/package.tgz not in flight; packing
9 info lifecycle mini-file@0.0.13~prepublish: mini-file@0.0.13
10 silly lifecycle mini-file@0.0.13~prepublish: no script for prepublish, continuing
11 verbose tar pack [ '/Users/ariel/.npm/mini-file/0.0.13/package.tgz',
11 verbose tar pack   '/Users/ariel/git/mini-file' ]
12 verbose tarball /Users/ariel/.npm/mini-file/0.0.13/package.tgz
13 verbose folder /Users/ariel/git/mini-file
14 verbose addLocalTarball adding from inside cache /Users/ariel/.npm/mini-file/0.0.13/package.tgz
15 silly cache afterAdd mini-file@0.0.13
16 verbose afterAdd /Users/ariel/.npm/mini-file/0.0.13/package/package.json not in flight; writing
17 verbose afterAdd /Users/ariel/.npm/mini-file/0.0.13/package/package.json written
18 silly publish { name: 'mini-file',
18 silly publish   version: '0.0.13',
18 silly publish   description: 'mini-route static file handler extension.',
18 silly publish   main: 'index.js',
18 silly publish   scripts: { test: 'echo "No tests"' },
18 silly publish   repository:
18 silly publish    { type: 'git',
18 silly publish      url: 'git+https://github.com/ArielAbreu/mini-file.git' },
18 silly publish   keywords: [ 'mini-file', 'router', 'routes', 'file', 'mini-route' ],
18 silly publish   author: { name: 'ArielAbreu' },
18 silly publish   license: 'MIT',
18 silly publish   bugs: { url: 'https://github.com/ArielAbreu/mini-file/issues' },
18 silly publish   homepage: 'https://github.com/ArielAbreu/mini-file#readme',
18 silly publish   dependencies: { 'mini-compress': '0.0.3' },
18 silly publish   readme: '# mini-file\nmini-route static file handler extension.\n\nExample:\n```javascript\nvar http = require(\'http\');\nvar MiniRoute = require(\'mini-route\');\nvar miniFile = require(\'mini-file\');\n\nvar server = http.createServer();\nvar router = new MiniRoute(server);\n\nminiFile(router, __dirname + \'/public\');\n\nminiFile(router, __dirname + \'/bower_components\', \'/support/\'); // don\'t forget the extra slash at the end\n// the above serves the \'bower_components\' folder on \'/support/\'\n\nserver.listen(8080);\n```\n\nThis can also be used with Express:\n```javascript\nvar miniFile = require(\'mini-file\');\nvar app = require(\'express\')();\n\nminiFile(app, __dirname + \'/public\');\n\napp.listen(8080);\n```\n',
18 silly publish   readmeFilename: 'README.md',
18 silly publish   gitHead: '5d64fa799a66e444172399fc6f3d24982e5c239c',
18 silly publish   _id: 'mini-file@0.0.13',
18 silly publish   _shasum: 'd1df82455632f88e649582cf50b6e66c10829164',
18 silly publish   _from: '.' }
19 verbose getPublishConfig undefined
20 silly mapToRegistry name mini-file
21 silly mapToRegistry using default registry
22 silly mapToRegistry registry https://registry.npmjs.org/
23 silly mapToRegistry uri https://registry.npmjs.org/mini-file
24 verbose publish registryBase https://registry.npmjs.org/
25 silly publish uploading /Users/ariel/.npm/mini-file/0.0.13/package.tgz
26 verbose request uri https://registry.npmjs.org/mini-file
27 verbose request sending authorization for write operation
28 info attempt registry request try #1 at 6:05:09 PM
29 verbose request using bearer token for auth
30 verbose request id 31befabe40d9e974
31 http request PUT https://registry.npmjs.org/mini-file
32 http 403 https://registry.npmjs.org/mini-file
33 verbose headers { 'content-type': 'application/json',
33 verbose headers   'cache-control': 'max-age=60',
33 verbose headers   'content-length': '96',
33 verbose headers   'accept-ranges': 'bytes',
33 verbose headers   date: 'Mon, 05 Oct 2015 22:05:10 GMT',
33 verbose headers   via: '1.1 varnish',
33 verbose headers   connection: 'keep-alive',
33 verbose headers   'x-served-by': 'cache-atl6232-ATL',
33 verbose headers   'x-cache': 'MISS',
33 verbose headers   'x-cache-hits': '0',
33 verbose headers   'x-timer': 'S1444082710.010398,VS0,VE786' }
34 verbose request invalidating /Users/ariel/.npm/registry.npmjs.org/mini-file on PUT
35 error publish Failed PUT 403
36 verbose stack Error: "You cannot publish over the previously published version 0.0.13." : mini-file
36 verbose stack     at makeError (/usr/local/lib/node_modules/npm/node_modules/npm-registry-client/lib/request.js:264:12)
36 verbose stack     at CachingRegistryClient.<anonymous> (/usr/local/lib/node_modules/npm/node_modules/npm-registry-client/lib/request.js:252:14)
36 verbose stack     at Request._callback (/usr/local/lib/node_modules/npm/node_modules/npm-registry-client/lib/request.js:172:14)
36 verbose stack     at Request.self.callback (/usr/local/lib/node_modules/npm/node_modules/request/request.js:198:22)
36 verbose stack     at emitTwo (events.js:87:13)
36 verbose stack     at Request.emit (events.js:172:7)
36 verbose stack     at Request.<anonymous> (/usr/local/lib/node_modules/npm/node_modules/request/request.js:1063:14)
36 verbose stack     at emitOne (events.js:82:20)
36 verbose stack     at Request.emit (events.js:169:7)
36 verbose stack     at IncomingMessage.<anonymous> (/usr/local/lib/node_modules/npm/node_modules/request/request.js:1009:12)
37 verbose statusCode 403
38 verbose pkgid mini-file
39 verbose cwd /Users/ariel/git/mini-file
40 error Darwin 15.0.0
41 error argv "/usr/local/bin/node" "/usr/local/bin/npm" "publish"
42 error node v4.1.1
43 error npm  v3.3.5
44 error code E403
45 error "You cannot publish over the previously published version 0.0.13." : mini-file
46 error If you need help, you may report this error at:
46 error     <https://github.com/npm/npm/issues>
47 verbose exit [ 1, true ]
